0 verbose cli /usr/local/bin/node /usr/local/lib/node_modules/npm/bin/npm-cli.js
1 info using npm@10.2.4
2 info using node@v21.5.0
3 timing npm:load:whichnode Completed in 2ms
4 timing config:load:defaults Completed in 3ms
5 timing config:load:file:/usr/local/lib/node_modules/npm/npmrc Completed in 3ms
6 timing config:load:builtin Completed in 4ms
7 timing config:load:cli Completed in 2ms
8 timing config:load:env Completed in 0ms
9 timing config:load:project Completed in 8ms
10 timing config:load:file:/app/.npmrc Completed in 1ms
11 timing config:load:user Completed in 1ms
12 timing config:load:file:/usr/local/etc/npmrc Completed in 1ms
13 timing config:load:global Completed in 1ms
14 timing config:load:setEnvs Completed in 1ms
15 timing config:load Completed in 22ms
16 timing npm:load:configload Completed in 22ms
17 timing config:load:flatten Completed in 3ms
18 timing npm:load:mkdirpcache Completed in 14ms
19 timing npm:load:mkdirplogs Completed in 4ms
20 verbose title npm exec create-next-app@latest --typescript
21 verbose argv "exec" "--" "create-next-app@latest" "--typescript"
22 timing npm:load:setTitle Completed in 1ms
23 timing npm:load:display Completed in 0ms
24 verbose logfile logs-max:10 dir:/app/.npm/_logs/2024-01-07T02_01_21_414Z-
25 verbose logfile /app/.npm/_logs/2024-01-07T02_01_21_414Z-debug-0.log
26 timing npm:load:logFile Completed in 40ms
27 timing npm:load:timers Completed in 0ms
28 timing npm:load:configScope Completed in 0ms
29 timing npm:load Completed in 110ms
30 silly logfile done cleaning log files
31 timing arborist:ctor Completed in 3ms
32 http fetch GET 200 https://registry.npmjs.org/npm 652ms (cache miss)
33 http fetch GET 200 https://registry.npmjs.org/create-next-app 1379ms (cache miss)
34 timing arborist:ctor Completed in 0ms
35 timing arborist:ctor Completed in 1ms
36 timing arborist:ctor Completed in 0ms
37 timing idealTree:init Completed in 26ms
38 timing idealTree:userRequests Completed in 2ms
39 silly idealTree buildDeps
40 silly fetch manifest create-next-app@14.0.4
41 http fetch GET 200 https://registry.npmjs.org/create-next-app 80ms (cache hit)
42 silly placeDep ROOT create-next-app@14.0.4 OK for:  want: 14.0.4
43 timing idealTree:#root Completed in 108ms
44 timing idealTree:node_modules/create-next-app Completed in 0ms
45 timing idealTree:buildDeps Completed in 113ms
46 timing idealTree:fixDepFlags Completed in 0ms
47 timing idealTree Completed in 151ms
48 timing reify:loadTrees Completed in 154ms
49 timing reify:diffTrees Completed in 0ms
50 silly reify moves {}
51 timing reify:retireShallow Completed in 2ms
52 timing reify:createSparse Completed in 8ms
53 timing reify:loadBundles Completed in 0ms
54 silly audit bulk request { 'create-next-app': [ '14.0.4' ] }
55 silly tarball no local data for create-next-app@https://registry.npmjs.org/create-next-app/-/create-next-app-14.0.4.tgz. Extracting by manifest.
56 http fetch POST 200 https://registry.npmjs.org/-/npm/v1/security/advisories/bulk 167ms
57 timing auditReport:getReport Completed in 170ms
58 silly audit report {}
59 timing auditReport:init Completed in 0ms
60 timing reify:audit Completed in 175ms
61 http fetch GET 200 https://registry.npmjs.org/create-next-app/-/create-next-app-14.0.4.tgz 1942ms (cache miss)
62 timing reifyNode:node_modules/create-next-app Completed in 1960ms
63 timing reify:unpack Completed in 1962ms
64 timing reify:unretire Completed in 0ms
65 timing build:queue Completed in 3ms
66 timing build:link:node_modules/create-next-app Completed in 37ms
67 timing build:link Completed in 40ms
68 timing build:deps Completed in 46ms
69 timing build Completed in 47ms
70 timing reify:build Completed in 50ms
71 timing reify:trash Completed in 0ms
72 timing reify:save Completed in 19ms
73 timing reify Completed in 2236ms
74 timing command:exec Completed in 354093ms
75 notice
75 notice New [32mpatch[39m version of npm available! [31m10.2.4[39m -> [32m10.2.5[39m
75 notice Changelog: [36mhttps://github.com/npm/cli/releases/tag/v10.2.5[39m
75 notice Run [32mnpm install -g npm@10.2.5[39m to update!
75 notice
76 verbose exit 0
77 timing npm Completed in 354518ms
78 info ok
